[05Apr2026 20:54:29.566] [main/INFO] [cpw.mods.modlauncher.Launcher/MODLAUNCHER]: ModLauncher running: args [--launchTarget, forgeclientdev, --version, 21.1.224, --assetIndex, asset-index, --assetsDir, C:\Users\amele\.gradle\caches\minecraft\assets, --gameDir, ., --fml.fmlVersion, 4.0.42, --fml.mcVersion, 1.21.1, --fml.neoForgeVersion, 21.1.224, --fml.neoFormVersion, 20240808.144430]
[05Apr2026 20:54:29.569] [main/INFO] [cpw.mods.modlauncher.Launcher/MODLAUNCHER]: JVM identified as Amazon.com Inc. OpenJDK 64-Bit Server VM 21.0.7+6-LTS
[05Apr2026 20:54:29.571] [main/INFO] [cpw.mods.modlauncher.Launcher/MODLAUNCHER]: ModLauncher 11.0.5+main.901c6ea8 starting: java version 21.0.7 by Amazon.com Inc.; OS Windows 11 arch amd64 version 10.0
[05Apr2026 20:54:29.814] [main/INFO] [net.neoforged.fml.loading.ImmediateWindowHandler/]: Loading ImmediateWindowProvider fmlearlywindow
[05Apr2026 20:54:29.955] [main/INFO] [EARLYDISPLAY/]: Trying GL version 4.6
[05Apr2026 20:54:30.157] [main/INFO] [EARLYDISPLAY/]: Requested GL version 4.6 got version 4.6
[05Apr2026 20:54:30.233] [main/INFO] [mixin/]: SpongePowered MIXIN Subsystem Version=0.8.7 Source=union:/C:/Users/amele/.gradle/caches/modules-2/files-2.1/net.fabricmc/sponge-mixin/0.15.2+mixin.0.8.7/2af2f021d8e02a0220dc27a7a72b4666d66d44ca/sponge-mixin-0.15.2+mixin.0.8.7.jar%23143!/ Service=ModLauncher Env=CLIENT
[05Apr2026 20:54:30.354] [main/INFO] [net.neoforged.fml.loading.moddiscovery.ModDiscoverer/SCAN]: Found mod file "neoforge-21.1.224.jar" [locator: neoforge devenv provider ([C:\Programming\warehouseworkshop\.gradle\repositories\ng_dummy_ng\net\neoforged\neoforge\21.1.224\neoforge-21.1.224.jar])]
[05Apr2026 20:54:30.375] [main/INFO] [net.neoforged.fml.loading.moddiscovery.ModDiscoverer/SCAN]: Found mod file "neoforge-21.1.224.jar" [locator: neoforge devenv provider ([C:\Programming\warehouseworkshop\.gradle\repositories\ng_dummy_ng\net\neoforged\neoforge\21.1.224\neoforge-21.1.224.jar])]
[05Apr2026 20:54:30.389] [main/INFO] [net.neoforged.fml.loading.moddiscovery.ModDiscoverer/SCAN]: Found mod file "main" [locator: userdev mods and services, reader: mod manifest]
[05Apr2026 20:54:30.406] [main/INFO] [net.neoforged.fml.loading.moddiscovery.ModDiscoverer/SCAN]: Found mod file "minecolonies-1.1.1290-1.21.1-snapshot.jar" [locator: userdev mods and services, reader: mod manifest]
[05Apr2026 20:54:30.409] [main/INFO] [net.neoforged.fml.loading.moddiscovery.ModDiscoverer/SCAN]: Found mod file "multipiston-1.2.58-1.21.1.jar" [locator: userdev mods and services, reader: mod manifest]
[05Apr2026 20:54:30.412] [main/INFO] [net.neoforged.fml.loading.moddiscovery.ModDiscoverer/SCAN]: Found mod file "blockui-1.0.211-1.21.1-snapshot.jar" [locator: userdev mods and services, reader: mod manifest]
[05Apr2026 20:54:30.416] [main/INFO] [net.neoforged.fml.loading.moddiscovery.ModDiscoverer/SCAN]: Found mod file "structurize-1.0.816-1.21.1.jar" [locator: userdev mods and services, reader: mod manifest]
[05Apr2026 20:54:30.431] [pool-2-thread-1/INFO] [EARLYDISPLAY/]: GL info: NVIDIA GeForce RTX 4070 SUPER/PCIe/SSE2 GL version 4.6.0 NVIDIA 591.86, NVIDIA Corporation
[05Apr2026 20:54:30.432] [main/INFO] [net.neoforged.fml.loading.moddiscovery.ModDiscoverer/SCAN]: Found mod file "domum-ornamentum-1.0.233-snapshot-main.jar" [locator: userdev mods and services, reader: mod manifest]
[05Apr2026 20:54:30.437] [main/INFO] [net.neoforged.fml.loading.moddiscovery.ModDiscoverer/SCAN]: Found mod file "neoforge-21.1.224.jar" [locator: userdev mods and services, reader: mod manifest]
[05Apr2026 20:54:30.441] [main/INFO] [net.neoforged.fml.loading.moddiscovery.ModDiscoverer/SCAN]: Found mod file "jei-1.21.1-neoforge-19.27.0.336.jar" [locator: userdev mods and services, reader: mod manifest]
[05Apr2026 20:54:30.505] [main/INFO] [net.neoforged.fml.loading.moddiscovery.ModDiscoverer/SCAN]: Found gamelibrary file "mixinextras-neoforge-0.5.3.jar" [locator: userdev mods and services, reader: mod manifest]
[05Apr2026 20:54:30.603] [main/WARN] [net.neoforged.jarjar.selection.JarSelector/]: Attempted to select a dependency jar for JarJar which was passed in as source: library:mixinextras.neoforge. Using Mod File: C:\Users\amele\.gradle\caches\modules-2\files-2.1\io.github.llamalad7\mixinextras-neoforge\0.5.3\a0919957808de97707c5fb4ce073e66aeef3e187\mixinextras-neoforge-0.5.3.jar
[05Apr2026 20:54:30.604] [main/INFO] [net.neoforged.fml.loading.moddiscovery.locators.JarInJarDependencyLocator/]: Found 1 dependencies adding them to mods collection
[05Apr2026 20:54:30.604] [main/INFO] [net.neoforged.fml.loading.moddiscovery.ModDiscoverer/SCAN]: Found library file "net.neoforged.neoforge-coremods-21.1.224.jar" [parent: neoforge-21.1.224.jar, locator: jarinjar, reader: mod manifest]
[05Apr2026 20:54:30.605] [main/INFO] [net.neoforged.fml.loading.moddiscovery.ModDiscoverer/]: 
     Mod List:
		Name Version (Mod Id)

		Domum Ornamentum 1.0.233-snapshot (domum_ornamentum)
		Just Enough Items 19.27.0.336 (jei)
		MineColonies 1.1.1290-1.21.1-snapshot (minecolonies)
		Minecraft 1.21.1 (minecraft)
		Multi-Piston 1.2.58-1.21.1 (multipiston)
		NeoForge 21.1.224 (neoforge)
		Structurize 1.0.816-1.21.1 (structurize)
		UI Library Mod 1.0.211-1.21.1-snapshot (blockui)
		Warehouse Workshop - A MineColonies Add-On 00.00.001 (warehouseworkshop)
[05Apr2026 20:54:31.284] [main/INFO] [cpw.mods.modlauncher.LaunchServiceHandler/MODLAUNCHER]: Launching target 'forgeclientdev' with arguments [--version, 21.1.224, --gameDir, ., --assetsDir, C:\Users\amele\.gradle\caches\minecraft\assets, --assetIndex, asset-index]
[05Apr2026 20:54:33.969] [Datafixer Bootstrap/INFO] [com.mojang.datafixers.DataFixerBuilder/]: 229 Datafixer optimizations took 390 milliseconds
[05Apr2026 20:54:34.535] [main/WARN] [oshi.driver.windows.perfmon.PerfmonDisabled/]: Invalid registry value type detected for PerfOS counters. Should be REG_DWORD. Ignoring: HKEY_LOCAL_MACHINE\SYSTEM\CurrentControlSet\Services\PerfOS\Performance\Disable Performance Counters.
[05Apr2026 20:54:34.710] [pool-13-thread-1/INFO] [MixinExtras|Service/]: Initializing MixinExtras via com.llamalad7.mixinextras.service.MixinExtrasServiceImpl(version=0.5.3).
[05Apr2026 20:54:39.958] [main/WARN] [net.minecraft.commands.Commands/]: Ambiguity between arguments [teleport, location] and [teleport, destination] with inputs: [0.1 -0.5 .9, 0 0 0]
[05Apr2026 20:54:39.959] [main/WARN] [net.minecraft.commands.Commands/]: Ambiguity between arguments [teleport, location] and [teleport, targets] with inputs: [0.1 -0.5 .9, 0 0 0]
[05Apr2026 20:54:39.961] [main/WARN] [net.minecraft.commands.Commands/]: Ambiguity between arguments [teleport, destination] and [teleport, targets] with inputs: [Player, 0123, @e, dd12be42-52a9-4a91-a8a1-11c01849e498]
[05Apr2026 20:54:39.962] [main/WARN] [net.minecraft.commands.Commands/]: Ambiguity between arguments [teleport, targets] and [teleport, destination] with inputs: [Player, 0123, dd12be42-52a9-4a91-a8a1-11c01849e498]
[05Apr2026 20:54:39.963] [main/WARN] [net.minecraft.commands.Commands/]: Ambiguity between arguments [teleport, targets, location] and [teleport, targets, destination] with inputs: [0.1 -0.5 .9, 0 0 0]
[05Apr2026 20:54:40.088] [Render thread/WARN] [net.minecraft.server.packs.VanillaPackResourcesBuilder/]: Assets URL 'union:/C:/Programming/warehouseworkshop/.gradle/repositories/ng_dummy_ng/net/neoforged/neoforge/21.1.224/neoforge-21.1.224.jar%23195!/assets/.mcassetsroot' uses unexpected schema
[05Apr2026 20:54:40.088] [Render thread/WARN] [net.minecraft.server.packs.VanillaPackResourcesBuilder/]: Assets URL 'union:/C:/Programming/warehouseworkshop/.gradle/repositories/ng_dummy_ng/net/neoforged/neoforge/21.1.224/neoforge-21.1.224.jar%23195!/data/.mcassetsroot' uses unexpected schema
[05Apr2026 20:54:40.135] [Render thread/INFO] [com.mojang.authlib.yggdrasil.YggdrasilAuthenticationService/]: Environment: Environment[sessionHost=https://sessionserver.mojang.com, servicesHost=https://api.minecraftservices.com, name=PROD]
[05Apr2026 20:54:40.142] [Render thread/INFO] [net.minecraft.client.Minecraft/]: Setting user: Dev
[05Apr2026 20:54:40.273] [Render thread/INFO] [net.minecraft.client.Minecraft/]: Backend library: LWJGL version 3.3.3+5
[05Apr2026 20:54:41.253] [modloading-worker-0/INFO] [net.neoforged.neoforge.common.NeoForgeMod/NEOFORGE-MOD]: NeoForge mod loading, version 21.1.224, for MC 1.21.1
[05Apr2026 20:54:41.355] [modloading-worker-0/INFO] [mezz.jei.library.load.PluginCaller/]: Sending ConfigManager...
[05Apr2026 20:54:41.359] [modloading-worker-0/INFO] [mezz.jei.library.load.PluginCaller/]: Sending ConfigManager took 2.503 milliseconds
[05Apr2026 20:54:42.934] [Render thread/INFO] [net.neoforged.neoforge.gametest.GameTestHooks/]: Enabled Gametest Namespaces: [warehouseworkshop]
[05Apr2026 20:54:43.288] [Render thread/INFO] [net.minecraft.server.packs.resources.ReloadableResourceManager/]: Reloading ResourceManager: vanilla, mod_resources, mod/domum_ornamentum, mod/blockui, mod/structurize, mod/multipiston, mod/minecolonies, mod/warehouseworkshop, mod/neoforge, mod/jei
[05Apr2026 20:54:43.499] [Worker-Main-19/INFO] [net.minecraft.client.gui.font.providers.UnihexProvider/]: Found unifont_all_no_pua-15.1.05.hex, loading
[05Apr2026 20:54:43.499] [Worker-Main-6/INFO] [net.minecraft.client.gui.font.providers.UnihexProvider/]: Found unifont_jp_patch-15.1.05.hex, loading
[05Apr2026 20:54:43.522] [Worker-Main-12/WARN] [net.minecraft.client.renderer.texture.atlas.sources.SingleFile/]: Missing sprite: minecraft:textures/map/map_icons.png
[05Apr2026 20:54:43.658] [Worker-Main-10/WARN] [net.minecraft.client.renderer.texture.SpriteLoader/]: Texture minecolonies:gui/builderhut/builder_paper with size 190x244 limits mip level from 4 to 1
[05Apr2026 20:54:43.981] [Worker-Main-11/INFO] [com.deathfrog.warehouseworkshop.WarehouseWorkshopMod/]: HELLO FROM CLIENT SETUP
[05Apr2026 20:54:43.981] [Worker-Main-11/INFO] [com.deathfrog.warehouseworkshop.WarehouseWorkshopMod/]: MINECRAFT NAME >> Dev
[05Apr2026 20:54:43.997] [Structurize IO Worker #0/INFO] [structurize/]: Registered structure pack: Medieval Spruce
[05Apr2026 20:54:43.997] [Structurize IO Worker #0/INFO] [structurize/]: Registered structure pack: Warped Netherlands
[05Apr2026 20:54:43.997] [Structurize IO Worker #0/INFO] [structurize/]: Registered structure pack: Space Wars
[05Apr2026 20:54:43.997] [Structurize IO Worker #0/INFO] [structurize/]: Registered structure pack: Stalactite Caves
[05Apr2026 20:54:43.997] [Structurize IO Worker #0/INFO] [structurize/]: Registered structure pack: Urban Birch
[05Apr2026 20:54:43.998] [Structurize IO Worker #0/INFO] [structurize/]: Registered structure pack: Ancient Athens
[05Apr2026 20:54:43.998] [Structurize IO Worker #0/INFO] [structurize/]: Registered structure pack: Desert Oasis
[05Apr2026 20:54:43.998] [Structurize IO Worker #0/INFO] [structurize/]: Registered structure pack: Colonial
[05Apr2026 20:54:43.998] [Structurize IO Worker #0/INFO] [structurize/]: Registered structure pack: Fortress
[05Apr2026 20:54:43.998] [Structurize IO Worker #0/INFO] [structurize/]: Registered structure pack: Cavern
[05Apr2026 20:54:43.998] [Structurize IO Worker #0/INFO] [structurize/]: Registered structure pack: Dark Oak Treehouse
[05Apr2026 20:54:43.998] [Structurize IO Worker #0/INFO] [structurize/]: Registered structure pack: Lost Mesa City
[05Apr2026 20:54:43.998] [Structurize IO Worker #0/INFO] [structurize/]: Registered structure pack: Minecolonies Original
[05Apr2026 20:54:43.999] [Structurize IO Worker #0/INFO] [structurize/]: Registered structure pack: Urban Savanna
[05Apr2026 20:54:43.999] [Structurize IO Worker #0/INFO] [structurize/]: Registered structure pack: Pagoda
[05Apr2026 20:54:43.999] [Structurize IO Worker #0/INFO] [structurize/]: Registered structure pack: Caledonia
[05Apr2026 20:54:43.999] [Structurize IO Worker #0/INFO] [structurize/]: Registered structure pack: Medieval Birch
[05Apr2026 20:54:43.999] [Structurize IO Worker #0/INFO] [structurize/]: Registered structure pack: Jungle Treehouse
[05Apr2026 20:54:43.999] [Structurize IO Worker #0/INFO] [structurize/]: Registered structure pack: Incan
[05Apr2026 20:54:43.999] [Structurize IO Worker #0/INFO] [structurize/]: Registered structure pack: Nordic Spruce
[05Apr2026 20:54:43.999] [Structurize IO Worker #0/INFO] [structurize/]: Registered structure pack: Shire
[05Apr2026 20:54:44.000] [Structurize IO Worker #0/INFO] [structurize/]: Registered structure pack: Medieval Oak
[05Apr2026 20:54:44.000] [Structurize IO Worker #0/INFO] [structurize/]: Registered structure pack: Medieval Dark Oak
[05Apr2026 20:54:44.001] [Structurize IO Worker #0/INFO] [structurize/]: Registered structure pack: Dev
[05Apr2026 20:54:44.002] [Structurize IO Worker #0/WARN] [structurize/]: Finished discovering Client Structure packs
[05Apr2026 20:54:44.610] [Worker-Main-3/WARN] [net.minecraft.client.resources.model.ModelBakery/]: Unable to load model: 'warehouseworkshop:item/example_item' referenced from: warehouseworkshop:item/example_item: java.io.FileNotFoundException: warehouseworkshop:models/item/example_item.json
[05Apr2026 20:54:45.627] [Worker-Main-3/WARN] [net.minecraft.client.resources.model.ModelManager/]: Missing textures in model minecolonies:blockhutcombatacademy#facing=west:
    minecraft:textures/atlas/blocks.png:minecraft:map/map_icons
[05Apr2026 20:54:45.628] [Worker-Main-3/WARN] [net.minecraft.client.resources.model.ModelManager/]: Missing textures in model minecolonies:blockhutbeekeeper#facing=east:
    minecraft:textures/atlas/blocks.png:minecraft:map/map_icons
[05Apr2026 20:54:45.628] [Worker-Main-3/WARN] [net.minecraft.client.resources.model.ModelManager/]: Missing textures in model minecolonies:blockhutdyer#facing=south:
    minecraft:textures/atlas/blocks.png:minecraft:map/map_icons
[05Apr2026 20:54:45.628] [Worker-Main-3/WARN] [net.minecraft.client.resources.model.ModelManager/]: Missing textures in model minecolonies:blockhutfletcher#facing=west:
    minecraft:textures/atlas/blocks.png:minecraft:map/map_icons
[05Apr2026 20:54:45.628] [Worker-Main-3/WARN] [net.minecraft.client.resources.model.ModelManager/]: Missing textures in model minecolonies:blockhutfletcher#inventory:
    minecraft:textures/atlas/blocks.png:minecraft:map/map_icons
[05Apr2026 20:54:45.628] [Worker-Main-3/WARN] [net.minecraft.client.resources.model.ModelManager/]: Missing textures in model minecolonies:blockhutdyer#facing=north:
    minecraft:textures/atlas/blocks.png:minecraft:map/map_icons
[05Apr2026 20:54:45.628] [Worker-Main-3/WARN] [net.minecraft.client.resources.model.ModelManager/]: Missing textures in model minecolonies:blockhutuniversity#facing=north:
    minecraft:textures/atlas/blocks.png:minecraft:map/map_icons
[05Apr2026 20:54:45.628] [Worker-Main-3/WARN] [net.minecraft.client.resources.model.ModelManager/]: Missing textures in model minecolonies:blockhutbeekeeper#facing=north:
    minecraft:textures/atlas/blocks.png:minecraft:map/map_icons
[05Apr2026 20:54:45.628] [Worker-Main-3/WARN] [net.minecraft.client.resources.model.ModelManager/]: Missing textures in model minecolonies:blockhutuniversity#facing=east:
    minecraft:textures/atlas/blocks.png:minecraft:map/map_icons
[05Apr2026 20:54:45.628] [Worker-Main-3/WARN] [net.minecraft.client.resources.model.ModelManager/]: Missing textures in model minecolonies:blockhutcombatacademy#inventory:
    minecraft:textures/atlas/blocks.png:minecraft:map/map_icons
[05Apr2026 20:54:45.628] [Worker-Main-3/WARN] [net.minecraft.client.resources.model.ModelManager/]: Missing textures in model minecolonies:blockhutcombatacademy#facing=south:
    minecraft:textures/atlas/blocks.png:minecraft:map/map_icons
[05Apr2026 20:54:45.628] [Worker-Main-3/WARN] [net.minecraft.client.resources.model.ModelManager/]: Missing textures in model minecolonies:blockhutdyer#facing=west:
    minecraft:textures/atlas/blocks.png:minecraft:map/map_icons
[05Apr2026 20:54:45.628] [Worker-Main-3/WARN] [net.minecraft.client.resources.model.ModelManager/]: Missing textures in model minecolonies:blockhutdyer#facing=east:
    minecraft:textures/atlas/blocks.png:minecraft:map/map_icons
[05Apr2026 20:54:45.628] [Worker-Main-3/WARN] [net.minecraft.client.resources.model.ModelManager/]: Missing textures in model minecolonies:blockhutbeekeeper#facing=west:
    minecraft:textures/atlas/blocks.png:minecraft:map/map_icons
[05Apr2026 20:54:45.629] [Worker-Main-3/WARN] [net.minecraft.client.resources.model.ModelManager/]: Missing textures in model minecolonies:blockhutuniversity#facing=south:
    minecraft:textures/atlas/blocks.png:minecraft:map/map_icons
[05Apr2026 20:54:45.629] [Worker-Main-3/WARN] [net.minecraft.client.resources.model.ModelManager/]: Missing textures in model minecolonies:blockhutuniversity#facing=west:
    minecraft:textures/atlas/blocks.png:minecraft:map/map_icons
[05Apr2026 20:54:45.629] [Worker-Main-3/WARN] [net.minecraft.client.resources.model.ModelManager/]: Missing textures in model minecolonies:blockhutuniversity#inventory:
    minecraft:textures/atlas/blocks.png:minecraft:map/map_icons
[05Apr2026 20:54:45.629] [Worker-Main-3/WARN] [net.minecraft.client.resources.model.ModelManager/]: Missing textures in model minecolonies:blockhutfletcher#facing=south:
    minecraft:textures/atlas/blocks.png:minecraft:map/map_icons
[05Apr2026 20:54:45.629] [Worker-Main-3/WARN] [net.minecraft.client.resources.model.ModelManager/]: Missing textures in model minecolonies:blockhutbeekeeper#inventory:
    minecraft:textures/atlas/blocks.png:minecraft:map/map_icons
[05Apr2026 20:54:45.629] [Worker-Main-3/WARN] [net.minecraft.client.resources.model.ModelManager/]: Missing textures in model minecolonies:blockhutdyer#inventory:
    minecraft:textures/atlas/blocks.png:minecraft:map/map_icons
[05Apr2026 20:54:45.629] [Worker-Main-3/WARN] [net.minecraft.client.resources.model.ModelManager/]: Missing textures in model minecolonies:blockhutcombatacademy#facing=north:
    minecraft:textures/atlas/blocks.png:minecraft:map/map_icons
[05Apr2026 20:54:45.629] [Worker-Main-3/WARN] [net.minecraft.client.resources.model.ModelManager/]: Missing textures in model minecolonies:blockhutfletcher#facing=east:
    minecraft:textures/atlas/blocks.png:minecraft:map/map_icons
[05Apr2026 20:54:45.629] [Worker-Main-3/WARN] [net.minecraft.client.resources.model.ModelManager/]: Missing textures in model minecolonies:blockhutfletcher#facing=north:
    minecraft:textures/atlas/blocks.png:minecraft:map/map_icons
[05Apr2026 20:54:45.629] [Worker-Main-3/WARN] [net.minecraft.client.resources.model.ModelManager/]: Missing textures in model minecolonies:blockhutcombatacademy#facing=east:
    minecraft:textures/atlas/blocks.png:minecraft:map/map_icons
[05Apr2026 20:54:45.629] [Worker-Main-3/WARN] [net.minecraft.client.resources.model.ModelManager/]: Missing textures in model minecolonies:blockhutbeekeeper#facing=south:
    minecraft:textures/atlas/blocks.png:minecraft:map/map_icons
[05Apr2026 20:54:45.738] [Worker-Main-17/WARN] [minecolonies/]: Register mappings
[05Apr2026 20:54:45.739] [Worker-Main-17/INFO] [com.deathfrog.warehouseworkshop.WarehouseWorkshopMod/]: WarehouseWorkshop onLoadComplete
[05Apr2026 20:54:45.739] [Worker-Main-17/INFO] [com.deathfrog.warehouseworkshop.WarehouseWorkshopMod/]: Injecting building modules.
[05Apr2026 20:54:46.126] [Render thread/WARN] [net.minecraft.client.sounds.SoundEngine/]: Missing sound for event: minecraft:item.goat_horn.play
[05Apr2026 20:54:46.126] [Render thread/WARN] [net.minecraft.client.sounds.SoundEngine/]: Missing sound for event: minecraft:entity.goat.screaming.horn_break
[05Apr2026 20:54:46.216] [Render thread/INFO] [com.mojang.blaze3d.audio.Library/]: OpenAL initialized on device OpenAL Soft on Speakers (USB2.0 Device)
[05Apr2026 20:54:46.217] [Render thread/INFO] [net.minecraft.client.sounds.SoundEngine/SOUNDS]: Sound engine started
[05Apr2026 20:54:46.293] [Render thread/INFO] [net.minecraft.client.renderer.texture.TextureAtlas/]: Created: 2048x1024x4 minecraft:textures/atlas/blocks.png-atlas
[05Apr2026 20:54:46.303] [Render thread/INFO] [net.minecraft.client.renderer.texture.TextureAtlas/]: Created: 256x256x4 minecraft:textures/atlas/signs.png-atlas
[05Apr2026 20:54:46.303] [Render thread/INFO] [net.minecraft.client.renderer.texture.TextureAtlas/]: Created: 2048x1024x4 minecraft:textures/atlas/shield_patterns.png-atlas
[05Apr2026 20:54:46.305] [Render thread/INFO] [net.minecraft.client.renderer.texture.TextureAtlas/]: Created: 1024x512x4 minecraft:textures/atlas/banner_patterns.png-atlas
[05Apr2026 20:54:46.306] [Render thread/INFO] [net.minecraft.client.renderer.texture.TextureAtlas/]: Created: 1024x1024x4 minecraft:textures/atlas/armor_trims.png-atlas
[05Apr2026 20:54:46.308] [Render thread/INFO] [net.minecraft.client.renderer.texture.TextureAtlas/]: Created: 128x64x4 minecraft:textures/atlas/decorated_pot.png-atlas
[05Apr2026 20:54:46.308] [Render thread/INFO] [net.minecraft.client.renderer.texture.TextureAtlas/]: Created: 256x256x4 minecraft:textures/atlas/chest.png-atlas
[05Apr2026 20:54:46.308] [Render thread/INFO] [net.minecraft.client.renderer.texture.TextureAtlas/]: Created: 512x256x4 minecraft:textures/atlas/beds.png-atlas
[05Apr2026 20:54:46.308] [Render thread/INFO] [net.minecraft.client.renderer.texture.TextureAtlas/]: Created: 512x256x4 minecraft:textures/atlas/shulker_boxes.png-atlas
[05Apr2026 20:54:46.391] [Render thread/INFO] [net.minecraft.client.renderer.texture.TextureAtlas/]: Created: 512x256x0 minecraft:textures/atlas/particles.png-atlas
[05Apr2026 20:54:46.394] [Render thread/INFO] [net.minecraft.client.renderer.texture.TextureAtlas/]: Created: 512x256x0 minecraft:textures/atlas/paintings.png-atlas
[05Apr2026 20:54:46.395] [Render thread/INFO] [net.minecraft.client.renderer.texture.TextureAtlas/]: Created: 256x128x0 minecraft:textures/atlas/mob_effects.png-atlas
[05Apr2026 20:54:46.395] [Render thread/INFO] [net.minecraft.client.renderer.texture.TextureAtlas/]: Created: 64x64x0 minecraft:textures/atlas/map_decorations.png-atlas
[05Apr2026 20:54:46.395] [Render thread/INFO] [net.minecraft.client.renderer.texture.TextureAtlas/]: Created: 1024x512x0 minecraft:textures/atlas/gui.png-atlas
[05Apr2026 20:54:46.431] [Render thread/WARN] [net.minecraft.client.renderer.ShaderInstance/]: Shader rendertype_entity_translucent_emissive could not find sampler named Sampler2 in the specified shader program.
[05Apr2026 20:54:46.493] [Render thread/INFO] [net.minecraft.client.renderer.texture.TextureAtlas/]: Created: 256x128x0 blockui:textures/atlas/blockui_gui.png-atlas
[05Apr2026 20:54:46.496] [Render thread/INFO] [net.minecraft.client.renderer.texture.TextureAtlas/]: Created: 128x128x0 minecolonies:textures/atlas/minecolonies_gui.png-atlas
[05Apr2026 20:54:46.497] [Render thread/INFO] [net.neoforged.neoforge.client.entity.animation.json.AnimationLoader/]: Loaded 0 entity animations
[05Apr2026 20:54:46.497] [Render thread/INFO] [net.minecraft.client.renderer.texture.TextureAtlas/]: Created: 256x256x0 jei:textures/atlas/gui.png-atlas
[05Apr2026 20:55:09.155] [Render thread/INFO] [net.minecraft.world.item.crafting.RecipeManager/]: Loaded 1591 recipes
[05Apr2026 20:55:09.325] [Render thread/INFO] [net.minecraft.advancements.AdvancementTree/]: Loaded 1670 advancements
[05Apr2026 20:55:09.328] [Render thread/INFO] [minecolonies/]: Beginning load of custom recipes for colony workers
[05Apr2026 20:55:09.335] [Render thread/INFO] [minecolonies/]: Loaded 161 recipes for 16 crafters
[05Apr2026 20:55:09.335] [Render thread/INFO] [minecolonies/]: Research loading...
[05Apr2026 20:55:09.348] [Render thread/INFO] [minecolonies/]: Research loaded. Located 4 branches, 206 researches and 101 effects.
[05Apr2026 20:55:09.351] [Render thread/INFO] [minecolonies/]: Loading quests from data
[05Apr2026 20:55:09.357] [Render thread/INFO] [minecolonies/]: Finished loading quests from data
[05Apr2026 20:55:09.358] [Render thread/WARN] [minecolonies/]: Read 1633 items with their nbt keys for compatibility.
[05Apr2026 20:55:09.358] [Render thread/INFO] [minecolonies/]: [Study items Loader]: Starting reload...
[05Apr2026 20:55:09.359] [Render thread/INFO] [minecolonies/]: [Study items Loader]: Finished reloading. 2 entries created.
[05Apr2026 20:55:09.631] [Render thread/INFO] [minecolonies/]: Removed all colony views
[05Apr2026 20:55:09.663] [Server thread/INFO] [net.minecraft.client.server.IntegratedServer/]: Starting integrated minecraft server version 1.21.1
[05Apr2026 20:55:09.663] [Server thread/INFO] [net.minecraft.server.MinecraftServer/]: Generating keypair
[05Apr2026 20:55:10.255] [Server thread/INFO] [net.minecraft.server.MinecraftServer/]: Preparing start region for dimension minecraft:overworld
[05Apr2026 20:55:10.519] [progressListener/INFO] [net.minecraft.server.level.progress.LoggerChunkProgressListener/]: Preparing spawn area: 0%
[05Apr2026 20:55:10.623] [Server thread/INFO] [net.neoforged.neoforge.server.permission.PermissionAPI/]: Successfully initialized permission handler neoforge:default_handler
[05Apr2026 20:55:10.634] [progressListener/INFO] [net.minecraft.server.level.progress.LoggerChunkProgressListener/]: Time elapsed: 371 ms
[05Apr2026 20:55:10.657] [Server thread/WARN] [minecolonies/]: Starting Compat Discovery
[05Apr2026 20:55:10.761] [Server thread/INFO] [minecolonies/]: Finished discovering Ores 19 22
[05Apr2026 20:55:10.761] [Server thread/INFO] [minecolonies/]: Finished discovering saplings 14
[05Apr2026 20:55:10.761] [Server thread/INFO] [minecolonies/]: Finished discovering plantables 19
[05Apr2026 20:55:10.761] [Server thread/INFO] [minecolonies/]: Finished discovering food 107 121
[05Apr2026 20:55:10.761] [Server thread/INFO] [minecolonies/]: Finished discovering fuel 249
[05Apr2026 20:55:10.761] [Server thread/INFO] [minecolonies/]: Finished discovering flowers 26
[05Apr2026 20:55:10.761] [Server thread/INFO] [minecolonies/]: Finished discovering items 1991
[05Apr2026 20:55:10.767] [Server thread/INFO] [minecolonies/]: Finished discovering compostables 234
[05Apr2026 20:55:10.983] [Server thread/INFO] [net.minecraft.client.server.IntegratedServer/]: Changing view distance to 12, from 10
[05Apr2026 20:55:10.983] [Server thread/INFO] [net.minecraft.client.server.IntegratedServer/]: Changing simulation distance to 12, from 0
[05Apr2026 20:55:11.657] [Server thread/INFO] [net.minecraft.server.players.PlayerList/]: Dev[local:E:a08c3dde] logged in with entity id 63 at (-92.86506848547175, 70.0, -50.51249998807907)
[05Apr2026 20:55:11.742] [Server thread/INFO] [net.minecraft.server.MinecraftServer/]: Dev joined the game
[05Apr2026 20:55:12.041] [Render thread/INFO] [mezz.jei.core.util.LoggedTimer/]: Starting JEI...
[05Apr2026 20:55:12.057] [Render thread/INFO] [mezz.jei.library.load.PluginCaller/]: Registering item subtypes...
[05Apr2026 20:55:12.074] [Render thread/INFO] [mezz.jei.library.load.PluginCallerTimerRunnable/]: Registering item subtypes: jei:minecraft took 16.53 milliseconds
[05Apr2026 20:55:12.077] [Render thread/INFO] [mezz.jei.library.load.PluginCaller/]: Registering item subtypes took 20.12 milliseconds
[05Apr2026 20:55:12.078] [Render thread/INFO] [mezz.jei.library.load.PluginCaller/]: Registering fluid subtypes...
[05Apr2026 20:55:12.082] [Render thread/INFO] [mezz.jei.library.load.PluginCaller/]: Registering fluid subtypes took 3.781 milliseconds
[05Apr2026 20:55:12.088] [Render thread/INFO] [mezz.jei.library.load.PluginCaller/]: Registering ingredients...
[05Apr2026 20:55:12.174] [Render thread/INFO] [mezz.jei.library.load.PluginCallerTimerRunnable/]: Registering ingredients: jei:minecraft took 85.56 milliseconds
[05Apr2026 20:55:12.175] [Render thread/INFO] [mezz.jei.library.load.PluginCaller/]: Registering ingredients took 86.38 milliseconds
[05Apr2026 20:55:12.175] [Render thread/INFO] [mezz.jei.library.load.PluginCaller/]: Registering extra ingredients...
[05Apr2026 20:55:12.175] [Render thread/INFO] [mezz.jei.library.load.PluginCaller/]: Registering extra ingredients took 497.1 microseconds
[05Apr2026 20:55:12.176] [Render thread/INFO] [mezz.jei.library.load.PluginCaller/]: Registering search ingredient aliases...
[05Apr2026 20:55:12.177] [Render thread/INFO] [mezz.jei.library.load.PluginCaller/]: Registering search ingredient aliases took 723.7 microseconds
[05Apr2026 20:55:12.217] [Render thread/INFO] [mezz.jei.library.load.PluginCaller/]: Registering Mod Info...
[05Apr2026 20:55:12.218] [Render thread/INFO] [mezz.jei.library.load.PluginCaller/]: Registering Mod Info took 487.9 microseconds
[05Apr2026 20:55:12.258] [Render thread/INFO] [mezz.jei.library.load.PluginCaller/]: Registering categories...
[05Apr2026 20:55:12.301] [Render thread/INFO] [mezz.jei.library.load.PluginCallerTimerRunnable/]: Registering categories: jei:minecraft took 42.60 milliseconds
[05Apr2026 20:55:12.333] [Render thread/INFO] [mezz.jei.library.load.PluginCallerTimerRunnable/]: Registering categories: minecolonies:minecolonies took 23.61 milliseconds
[05Apr2026 20:55:12.345] [Render thread/INFO] [mezz.jei.library.load.PluginCallerTimerRunnable/]: Registering categories: jei:internal took 12.11 milliseconds
[05Apr2026 20:55:12.345] [Render thread/INFO] [mezz.jei.library.load.PluginCaller/]: Registering categories took 87.83 milliseconds
[05Apr2026 20:55:12.348] [Render thread/INFO] [mezz.jei.library.load.PluginCaller/]: Registering vanilla category extensions...
[05Apr2026 20:55:12.355] [Render thread/INFO] [mezz.jei.library.load.PluginCaller/]: Registering vanilla category extensions took 5.990 milliseconds
[05Apr2026 20:55:12.357] [Render thread/INFO] [mezz.jei.library.load.PluginCaller/]: Registering recipe catalysts...
[05Apr2026 20:55:12.358] [Render thread/INFO] [mezz.jei.library.load.PluginCaller/]: Registering recipe catalysts took 912.0 microseconds
[05Apr2026 20:55:12.358] [Render thread/INFO] [mezz.jei.core.util.LoggedTimer/]: Building recipe registry...
[05Apr2026 20:55:12.381] [Render thread/INFO] [mezz.jei.core.util.LoggedTimer/]: Building recipe registry took 22.61 milliseconds
[05Apr2026 20:55:12.384] [Render thread/INFO] [mezz.jei.library.load.PluginCaller/]: Registering advanced plugins...
[05Apr2026 20:55:12.385] [Render thread/INFO] [mezz.jei.library.load.PluginCaller/]: Registering advanced plugins took 498.2 microseconds
[05Apr2026 20:55:12.387] [Render thread/INFO] [mezz.jei.library.load.PluginCaller/]: Registering recipes...
[05Apr2026 20:55:12.607] [Render thread/INFO] [mezz.jei.library.load.PluginCallerTimerRunnable/]: Registering recipes: jei:minecraft took 219.5 milliseconds
[05Apr2026 20:55:12.651] [Render thread/INFO] [mezz.jei.library.load.PluginCallerTimerRunnable/]: Registering recipes: domum_ornamentum:domum_ornamentum took 44.13 milliseconds
[05Apr2026 20:55:12.698] [Render thread/INFO] [mezz.jei.library.load.PluginCallerTimerRunnable/]: Registering recipes: jei:internal took 39.78 milliseconds
[05Apr2026 20:55:12.698] [Render thread/INFO] [mezz.jei.library.load.PluginCaller/]: Registering recipes took 311.1 milliseconds
[05Apr2026 20:55:12.711] [Render thread/INFO] [mezz.jei.library.load.PluginCaller/]: Registering recipes transfer handlers...
[05Apr2026 20:55:12.722] [Render thread/INFO] [mezz.jei.library.load.PluginCaller/]: Registering recipes transfer handlers took 11.65 milliseconds
[05Apr2026 20:55:12.738] [Render thread/INFO] [mezz.jei.core.util.LoggedTimer/]: Building runtime...
[05Apr2026 20:55:12.752] [Render thread/INFO] [mezz.jei.library.load.PluginCaller/]: Registering gui handlers...
[05Apr2026 20:55:12.783] [Render thread/INFO] [mezz.jei.library.load.PluginCallerTimerRunnable/]: Registering gui handlers: jei:gui took 14.07 milliseconds
[05Apr2026 20:55:12.783] [Render thread/INFO] [mezz.jei.library.load.PluginCaller/]: Registering gui handlers took 30.66 milliseconds
[05Apr2026 20:55:12.797] [Render thread/INFO] [mezz.jei.library.load.PluginCaller/]: Registering Runtime...
[05Apr2026 20:55:12.800] [Render thread/INFO] [mezz.jei.gui.startup.JeiGuiStarter/]: Starting JEI GUI
[05Apr2026 20:55:12.801] [Render thread/INFO] [mezz.jei.core.util.LoggedTimer/]: Building ingredient list...
[05Apr2026 20:55:12.829] [Render thread/INFO] [mezz.jei.core.util.LoggedTimer/]: Building ingredient list took 27.85 milliseconds
[05Apr2026 20:55:12.829] [Render thread/INFO] [mezz.jei.core.util.LoggedTimer/]: Building ingredient filter...
[05Apr2026 20:55:12.923] [Render thread/INFO] [mezz.jei.gui.ingredients.IngredientFilter/]: Adding 2064 ingredients
[05Apr2026 20:55:13.133] [Render thread/INFO] [mezz.jei.gui.ingredients.IngredientFilter/]: Added 2064 ingredients
[05Apr2026 20:55:13.134] [Render thread/INFO] [mezz.jei.core.util.LoggedTimer/]: Building ingredient filter took 304.4 milliseconds
[05Apr2026 20:55:13.399] [Render thread/INFO] [mezz.jei.library.load.PluginCallerTimerRunnable/]: Registering Runtime: jei:neoforge_gui took 601.8 milliseconds
[05Apr2026 20:55:13.399] [Render thread/INFO] [mezz.jei.library.load.PluginCaller/]: Registering Runtime took 602.7 milliseconds
[05Apr2026 20:55:13.402] [Render thread/INFO] [mezz.jei.core.util.LoggedTimer/]: Building runtime took 664.2 milliseconds
[05Apr2026 20:55:13.403] [Render thread/INFO] [mezz.jei.library.load.PluginCaller/]: Sending Runtime...
[05Apr2026 20:55:13.403] [Render thread/INFO] [mezz.jei.library.load.PluginCaller/]: Sending Runtime took 630.3 microseconds
[05Apr2026 20:55:13.403] [Render thread/INFO] [mezz.jei.core.util.LoggedTimer/]: Starting JEI took 1.363 seconds
[05Apr2026 20:55:13.479] [Render thread/INFO] [minecolonies/]: Finished discovering Ores 19 22
[05Apr2026 20:55:13.479] [Render thread/INFO] [minecolonies/]: Finished discovering saplings 14
[05Apr2026 20:55:13.479] [Render thread/INFO] [minecolonies/]: Finished discovering plantables 19
[05Apr2026 20:55:13.479] [Render thread/INFO] [minecolonies/]: Finished discovering food 107 121
[05Apr2026 20:55:13.479] [Render thread/INFO] [minecolonies/]: Finished discovering fuel 249
[05Apr2026 20:55:13.479] [Render thread/INFO] [minecolonies/]: Finished discovering flowers 26
[05Apr2026 20:55:13.479] [Render thread/INFO] [minecolonies/]: Finished discovering items 1933
[05Apr2026 20:55:13.483] [Render thread/INFO] [minecolonies/]: Synchronized 28 saplings
[05Apr2026 20:55:13.483] [Render thread/INFO] [minecolonies/]: Synchronized 19 ore blocks with 22 smeltable ores
[05Apr2026 20:55:13.483] [Render thread/INFO] [minecolonies/]: Synchronized 19 plantables
[05Apr2026 20:55:13.483] [Render thread/INFO] [minecolonies/]: Synchronized 26 flowers
[05Apr2026 20:55:13.483] [Render thread/INFO] [minecolonies/]: Synchronized 121 food types with 107 edible
[05Apr2026 20:55:13.483] [Render thread/INFO] [minecolonies/]: Synchronized 249 fuel types
[05Apr2026 20:55:13.483] [Render thread/INFO] [minecolonies/]: Synchronized 75 monsters
[05Apr2026 20:55:13.488] [Render thread/INFO] [minecolonies/]: Loading quests from data
[05Apr2026 20:55:13.489] [Render thread/INFO] [minecolonies/]: Finished loading quests from data
[05Apr2026 20:55:13.745] [Render thread/INFO] [net.minecraft.advancements.AdvancementTree/]: Loaded 51 advancements
[05Apr2026 20:55:44.776] [Server thread/INFO] [net.minecraft.client.server.IntegratedServer/]: Saving and pausing game...
[05Apr2026 20:55:44.789] [Server thread/INFO] [net.minecraft.server.MinecraftServer/]: Saving chunks for level 'ServerLevel[Warehouse Wonderland]'/minecraft:overworld
[05Apr2026 20:55:44.822] [Server thread/INFO] [net.minecraft.server.MinecraftServer/]: Saving chunks for level 'ServerLevel[Warehouse Wonderland]'/minecraft:the_end
[05Apr2026 20:55:44.822] [Server thread/INFO] [net.minecraft.server.MinecraftServer/]: Saving chunks for level 'ServerLevel[Warehouse Wonderland]'/minecraft:the_nether
[05Apr2026 20:55:45.234] [Render thread/INFO] [mezz.jei.library.startup.JeiStarter/]: Stopping JEI
[05Apr2026 20:55:45.234] [Render thread/INFO] [mezz.jei.library.load.PluginCaller/]: Sending Runtime Unavailable...
[05Apr2026 20:55:45.234] [Render thread/INFO] [mezz.jei.neoforge.plugins.neoforge.NeoForgeGuiPlugin/]: Stopping JEI GUI
[05Apr2026 20:55:45.236] [Render thread/INFO] [mezz.jei.library.load.PluginCaller/]: Sending Runtime Unavailable took 1.932 milliseconds
[05Apr2026 20:55:45.236] [Render thread/INFO] [minecolonies/]: Removed all colony views
[05Apr2026 20:55:45.287] [Server thread/INFO] [net.minecraft.server.network.ServerGamePacketListenerImpl/]: Dev lost connection: Disconnected
[05Apr2026 20:55:45.287] [Server thread/INFO] [net.minecraft.server.MinecraftServer/]: Dev left the game
[05Apr2026 20:55:45.301] [Server thread/INFO] [net.minecraft.server.network.ServerCommonPacketListenerImpl/]: Stopping singleplayer server as player logged out
[05Apr2026 20:55:45.328] [Server thread/INFO] [net.minecraft.server.MinecraftServer/]: Stopping server
[05Apr2026 20:55:45.328] [Server thread/INFO] [net.minecraft.server.MinecraftServer/]: Saving players
[05Apr2026 20:55:45.328] [Server thread/INFO] [net.minecraft.server.MinecraftServer/]: Saving worlds
[05Apr2026 20:55:45.410] [Server thread/INFO] [net.minecraft.server.MinecraftServer/]: Saving chunks for level 'ServerLevel[Warehouse Wonderland]'/minecraft:overworld
[05Apr2026 20:55:45.564] [Server thread/INFO] [net.minecraft.server.MinecraftServer/]: Saving chunks for level 'ServerLevel[Warehouse Wonderland]'/minecraft:the_end
[05Apr2026 20:55:45.570] [Server thread/INFO] [net.minecraft.server.MinecraftServer/]: Saving chunks for level 'ServerLevel[Warehouse Wonderland]'/minecraft:the_nether
[05Apr2026 20:55:45.580] [Server thread/INFO] [net.minecraft.server.MinecraftServer/]: ThreadedAnvilChunkStorage (Warehouse Wonderland): All chunks are saved
[05Apr2026 20:55:45.580] [Server thread/INFO] [net.minecraft.server.MinecraftServer/]: ThreadedAnvilChunkStorage (DIM1): All chunks are saved
[05Apr2026 20:55:45.580] [Server thread/INFO] [net.minecraft.server.MinecraftServer/]: ThreadedAnvilChunkStorage (DIM-1): All chunks are saved
[05Apr2026 20:55:45.580] [Server thread/INFO] [net.minecraft.server.MinecraftServer/]: ThreadedAnvilChunkStorage: All dimensions are saved
[05Apr2026 20:55:45.688] [Render thread/WARN] [structurize/]: Client logged off. Resetting Pack Meta and Reloading State
[05Apr2026 20:55:45.689] [Structurize IO Worker #1/INFO] [structurize/]: Registered structure pack: Medieval Spruce
[05Apr2026 20:55:45.689] [Structurize IO Worker #1/INFO] [structurize/]: Registered structure pack: Warped Netherlands
[05Apr2026 20:55:45.689] [Structurize IO Worker #1/INFO] [structurize/]: Registered structure pack: Space Wars
[05Apr2026 20:55:45.689] [Structurize IO Worker #1/INFO] [structurize/]: Registered structure pack: Stalactite Caves
[05Apr2026 20:55:45.689] [Structurize IO Worker #1/INFO] [structurize/]: Registered structure pack: Urban Birch
[05Apr2026 20:55:45.689] [Structurize IO Worker #1/INFO] [structurize/]: Registered structure pack: Ancient Athens
[05Apr2026 20:55:45.689] [Structurize IO Worker #1/INFO] [structurize/]: Registered structure pack: Desert Oasis
[05Apr2026 20:55:45.689] [Structurize IO Worker #1/INFO] [structurize/]: Registered structure pack: Colonial
[05Apr2026 20:55:45.690] [Structurize IO Worker #1/INFO] [structurize/]: Registered structure pack: Fortress
[05Apr2026 20:55:45.690] [Structurize IO Worker #1/INFO] [structurize/]: Registered structure pack: Cavern
[05Apr2026 20:55:45.690] [Structurize IO Worker #1/INFO] [structurize/]: Registered structure pack: Dark Oak Treehouse
[05Apr2026 20:55:45.690] [Structurize IO Worker #1/INFO] [structurize/]: Registered structure pack: Lost Mesa City
[05Apr2026 20:55:45.690] [Structurize IO Worker #1/INFO] [structurize/]: Registered structure pack: Minecolonies Original
[05Apr2026 20:55:45.690] [Structurize IO Worker #1/INFO] [structurize/]: Registered structure pack: Urban Savanna
[05Apr2026 20:55:45.690] [Structurize IO Worker #1/INFO] [structurize/]: Registered structure pack: Pagoda
[05Apr2026 20:55:45.690] [Structurize IO Worker #1/INFO] [structurize/]: Registered structure pack: Caledonia
[05Apr2026 20:55:45.690] [Structurize IO Worker #1/INFO] [structurize/]: Registered structure pack: Medieval Birch
[05Apr2026 20:55:45.690] [Structurize IO Worker #1/INFO] [structurize/]: Registered structure pack: Jungle Treehouse
[05Apr2026 20:55:45.690] [Structurize IO Worker #1/INFO] [structurize/]: Registered structure pack: Incan
[05Apr2026 20:55:45.690] [Structurize IO Worker #1/INFO] [structurize/]: Registered structure pack: Nordic Spruce
[05Apr2026 20:55:45.690] [Structurize IO Worker #1/INFO] [structurize/]: Registered structure pack: Shire
[05Apr2026 20:55:45.690] [Structurize IO Worker #1/INFO] [structurize/]: Registered structure pack: Medieval Oak
[05Apr2026 20:55:45.690] [Structurize IO Worker #1/INFO] [structurize/]: Registered structure pack: Medieval Dark Oak
[05Apr2026 20:55:45.690] [Structurize IO Worker #1/INFO] [structurize/]: Registered structure pack: Dev
[05Apr2026 20:55:45.690] [Structurize IO Worker #1/WARN] [structurize/]: Finished discovering Client Structure packs
[05Apr2026 20:55:46.140] [Render thread/INFO] [net.minecraft.client.Minecraft/]: Stopping!
[05Apr2026 20:55:46.141] [Render thread/INFO] [minecolonies/]: Removed all colony views
